<?xml version="1.0" encoding="UTF-8"?>
<!-- Generated by org.testng.reporters.JUnitXMLReporter -->
<testsuite ignored="0" hostname="DESKTOP-NN4KHLL" failures="1" tests="1" name="Register User Tests" time="10.729" errors="0" timestamp="2025-09-21T14:36:09 EEST">
  <testcase classname="tests.TestSearchProductsAndCart" name="testSearchAndAddToCart" time="4.652">
    <failure type="java.lang.AssertionError" message="❌ Some products are unrelated to search keyword expected [true] but found [false]">
      <![CDATA[java.lang.AssertionError: ❌ Some products are unrelated to search keyword expected [true] but found [false]
at tests.TestSearchProductsAndCart.testSearchAndAddToCart(TestSearchProductsAndCart.java:49)
at java.base/java.util.ArrayList.forEach(ArrayList.java:1511)
... Removed 34 stack frames]]>
    </failure>
  </testcase> <!-- testSearchAndAddToCart -->
</testsuite> <!-- Register User Tests -->
